0 info it worked if it ends with ok
1 verbose cli [ '/usr/local/bin/node', '/usr/local/bin/npm', 'run', 'test' ]
2 info using npm@3.10.10
3 info using node@v6.11.3
4 verbose run-script [ 'pretest', 'test', 'posttest' ]
5 info lifecycle swr@0.1.0~pretest: swr@0.1.0
6 silly lifecycle swr@0.1.0~pretest: no script for pretest, continuing
7 info lifecycle swr@0.1.0~test: swr@0.1.0
8 verbose lifecycle swr@0.1.0~test: unsafe-perm in lifecycle true
9 verbose lifecycle swr@0.1.0~test: PATH: /usr/local/lib/node_modules/npm/bin/node-gyp-bin:/Users/ryanchen/dev/selenium-webdriverjs-example/node_modules/.bin:/anaconda2/bin:/Library/Frameworks/Python.framework/Versions/3.6/bin:/Library/Frameworks/Python.framework/Versions/2.7/bin:~/npm/bin:/Users/ryanchen/npm/bin:/Users/ryanchen/bin:/usr/local/bin:/usr/bin:/bin:/usr/sbin:/sbin
10 verbose lifecycle swr@0.1.0~test: CWD: /Users/ryanchen/dev/selenium-webdriverjs-example
11 silly lifecycle swr@0.1.0~test: Args: [ '-c', 'npm run test:todoApp' ]
12 silly lifecycle swr@0.1.0~test: Returned: code: 1  signal: null
13 info lifecycle swr@0.1.0~test: Failed to exec test script
14 verbose stack Error: swr@0.1.0 test: `npm run test:todoApp`
14 verbose stack Exit status 1
14 verbose stack     at EventEmitter.<anonymous> (/usr/local/lib/node_modules/npm/lib/utils/lifecycle.js:255:16)
14 verbose stack     at emitTwo (events.js:106:13)
14 verbose stack     at EventEmitter.emit (events.js:191:7)
14 verbose stack     at ChildProcess.<anonymous> (/usr/local/lib/node_modules/npm/lib/utils/spawn.js:40:14)
14 verbose stack     at emitTwo (events.js:106:13)
14 verbose stack     at ChildProcess.emit (events.js:191:7)
14 verbose stack     at maybeClose (internal/child_process.js:920:16)
14 verbose stack     at Process.ChildProcess._handle.onexit (internal/child_process.js:230:5)
15 verbose pkgid swr@0.1.0
16 verbose cwd /Users/ryanchen/dev/selenium-webdriverjs-example
17 error Darwin 14.4.0
18 error argv "/usr/local/bin/node" "/usr/local/bin/npm" "run" "test"
19 error node v6.11.3
20 error npm  v3.10.10
21 error code ELIFECYCLE
22 error swr@0.1.0 test: `npm run test:todoApp`
22 error Exit status 1
23 error Failed at the swr@0.1.0 test script 'npm run test:todoApp'.
23 error Make sure you have the latest version of node.js and npm installed.
23 error If you do, this is most likely a problem with the swr package,
23 error not with npm itself.
23 error Tell the author that this fails on your system:
23 error     npm run test:todoApp
23 error You can get information on how to open an issue for this project with:
23 error     npm bugs swr
23 error Or if that isn't available, you can get their info via:
23 error     npm owner ls swr
23 error There is likely additional logging output above.
24 verbose exit [ 1, true ]
